<?xml version="1.0" encoding="UTF-8"?>
<coverage generated="1616673872346" clover="3.2.0">
  <project timestamp="1616673872346" name="All files">
    <metrics statements="18" coveredstatements="16" conditionals="2" coveredconditionals="2" methods="8" coveredmethods="6" elements="28" coveredelements="24" complexity="0" loc="18" ncloc="18" packages="1" files="4" classes="4"/>
    <file name="airport.js" path="/Users/sopmcgeo/Desktop/Bootcamp/Week 1 - Day 2/airport/airport.js">
      <metrics statements="2" coveredstatements="2" conditionals="0" coveredconditionals="0" methods="1" coveredmethods="1"/>
      <line num="3" count="1" type="stmt"/>
      <line num="6" count="2" type="stmt"/>
    </file>
    <file name="bag.js" path="/Users/sopmcgeo/Desktop/Bootcamp/Week 1 - Day 2/airport/bag.js">
      <metrics statements="2" coveredstatements="2" conditionals="0" coveredconditionals="0" methods="1" coveredmethods="1"/>
      <line num="3" count="3" type="stmt"/>
      <line num="6" count="4" type="stmt"/>
    </file>
    <file name="person.js" path="/Users/sopmcgeo/Desktop/Bootcamp/Week 1 - Day 2/airport/person.js">
      <metrics statements="6" coveredstatements="4" conditionals="0" coveredconditionals="0" methods="4" coveredmethods="2"/>
      <line num="3" count="7" type="stmt"/>
      <line num="4" count="7" type="stmt"/>
      <line num="8" count="2" type="stmt"/>
      <line num="14" count="0" type="stmt"/>
      <line num="20" count="0" type="stmt"/>
      <line num="23" count="3" type="stmt"/>
    </file>
    <file name="plane.js" path="/Users/sopmcgeo/Desktop/Bootcamp/Week 1 - Day 2/airport/plane.js">
      <metrics statements="8" coveredstatements="8" conditionals="2" coveredconditionals="2" methods="2" coveredmethods="2"/>
      <line num="1" count="2" type="stmt"/>
      <line num="5" count="4" type="stmt"/>
      <line num="6" count="4" type="stmt"/>
      <line num="7" count="4" type="stmt"/>
      <line num="11" count="4" type="cond" truecount="2" falsecount="0"/>
      <line num="12" count="2" type="stmt"/>
      <line num="14" count="2" type="stmt"/>
      <line num="19" count="2" type="stmt"/>
    </file>
  </project>
</coverage>
